<?xml version="1.0" encoding="UTF-8"?>
<testsuite name="DBDAOTest" tests="3" skipped="0" failures="0" errors="0" timestamp="2019-08-16T15:35:46" hostname="LAPTOP-DEH6N61G" time="1.071">
  <properties/>
  <testcase name="insertNomenclatureTest" classname="DBDAOTest" time="0.807"/>
  <testcase name="deleteNomenclatureTest" classname="DBDAOTest" time="0.119"/>
  <testcase name="updateNomenclatureTest" classname="DBDAOTest" time="0.144"/>
  <system-out><![CDATA[]]></system-out>
  <system-err><![CDATA[авг. 16, 2019 6:35:46 PM org.flywaydb.core.internal.license.VersionPrinter printVersionOnly
INFO: Flyway Community Edition 6.0.0-beta2 by Boxfuse
авг. 16, 2019 6:35:46 PM org.flywaydb.core.internal.database.DatabaseFactory createDatabase
INFO: Database: jdbc:postgresql://127.0.0.1:5432/MailRuHW4 (PostgreSQL 11.4)
авг. 16, 2019 6:35:46 PM org.flywaydb.core.internal.command.DbClean cleanSchema
INFO: Successfully cleaned schema "public" (execution time 00:00.048s)
авг. 16, 2019 6:35:46 PM org.flywaydb.core.internal.command.DbValidate validate
INFO: Successfully validated 2 migrations (execution time 00:00.096s)
авг. 16, 2019 6:35:46 PM org.flywaydb.core.internal.schemahistory.JdbcTableSchemaHistory create
INFO: Creating Schema History table "public"."flyway_schema_history" ...
авг. 16, 2019 6:35:46 PM org.flywaydb.core.internal.command.DbMigrate migrateGroup
INFO: Current version of schema "public": << Empty Schema >>
авг. 16, 2019 6:35:46 PM org.flywaydb.core.internal.command.DbMigrate doMigrateGroup
INFO: Migrating schema "public" to version 1.2 - Create tables
авг. 16, 2019 6:35:46 PM org.flywaydb.core.internal.command.DbMigrate doMigrateGroup
INFO: Migrating schema "public" to version 1.3 - Fill tables
авг. 16, 2019 6:35:46 PM org.flywaydb.core.internal.command.DbMigrate logSummary
INFO: Successfully applied 2 migrations to schema "public" (execution time 00:00.151s)
авг. 16, 2019 6:35:47 PM org.jooq.tools.JooqLogger info
INFO: 
                                      
@@@@@@@@@@@@@@@@@@@@@@@@@@@@@@@@@@@@@@
@@@@@@@@@@@@@@@@@@@@@@@@@@@@@@@@@@@@@@
@@@@@@@@@@@@@@@@  @@        @@@@@@@@@@
@@@@@@@@@@@@@@@@@@@@        @@@@@@@@@@
@@@@@@@@@@@@@@@@  @@  @@    @@@@@@@@@@
@@@@@@@@@@  @@@@  @@  @@    @@@@@@@@@@
@@@@@@@@@@        @@        @@@@@@@@@@
@@@@@@@@@@@@@@@@@@@@@@@@@@@@@@@@@@@@@@
@@@@@@@@@@@@@@@@@@@@@@@@@@@@@@@@@@@@@@
@@@@@@@@@@        @@        @@@@@@@@@@
@@@@@@@@@@    @@  @@  @@@@  @@@@@@@@@@
@@@@@@@@@@    @@  @@  @@@@  @@@@@@@@@@
@@@@@@@@@@        @@  @  @  @@@@@@@@@@
@@@@@@@@@@        @@        @@@@@@@@@@
@@@@@@@@@@@@@@@@@@@@@@@  @@@@@@@@@@@@@
@@@@@@@@@@@@@@@@@@@@@@@@@@@@@@@@@@@@@@
@@@@@@@@@@@@@@@@@@@@@@@@@@@@@@@@@@@@@@  Thank you for using jOOQ 3.11.11
                                      
]]></system-err>
</testsuite>
